<?xml version="1.0" encoding="UTF-8"?>
<!-- Generated by org.testng.reporters.JUnitReportReporter -->
<testsuite hostname="DESKTOP-LH4JLB8" failures="0" tests="3" name="MainTest" time="85.211" errors="0" timestamp="2023-10-16T13:42:09 ART" skipped="0">
  <testcase classname="MainTest" name="testPrintExerciseWithNullName" time="0.000"/>
  <system-out/>
  <testcase classname="MainTest" name="testPrintExerciseWithInvalidNumber" time="51.115"/>
  <system-out/>
  <testcase classname="MainTest" name="testPrintExerciseWithValidName" time="34.096"/>
  <system-out/>
</testsuite> <!-- MainTest -->
