<?xml version="1.0" encoding="UTF-8"?>
<!-- Generated by org.testng.reporters.JUnitReportReporter -->
<testsuite hostname="DESKTOP-LH4JLB8" failures="0" tests="3" name="MainTest" time="52.111" errors="0" timestamp="2023-10-17T00:08:38 ART" skipped="0">
  <testcase classname="MainTest" name="testPrintExerciseWithInvalidNumber" time="0.008"/>
  <system-out/>
  <testcase classname="MainTest" name="testPrintExerciseWithNullName" time="0.007"/>
  <system-out/>
  <testcase classname="MainTest" name="testPrintExerciseWithValidName" time="52.096"/>
  <system-out/>
</testsuite> <!-- MainTest -->
